<?xml version="1.0" encoding="UTF-8"?>
<!-- Generated by org.testng.reporters.JUnitReportReporter -->
<testsuite hostname="LAPTOP-3LRATIM9" failures="0" tests="10" name="test_ng_sample_programs.Sample_Program3" time="0.019" errors="0" timestamp="2023-04-26T10:48:46 IST" skipped="0">
  <testcase classname="test_ng_sample_programs.Sample_Program3" name="createUser" time="0.009"/>
  <system-out/>
  <testcase classname="test_ng_sample_programs.Sample_Program3" name="createUser" time="0.001"/>
  <system-out/>
  <testcase classname="test_ng_sample_programs.Sample_Program3" name="createUser" time="0.001"/>
  <system-out/>
  <testcase classname="test_ng_sample_programs.Sample_Program3" name="createUser" time="0.002"/>
  <system-out/>
  <testcase classname="test_ng_sample_programs.Sample_Program3" name="createUser" time="0.001"/>
  <system-out/>
  <testcase classname="test_ng_sample_programs.Sample_Program3" name="createUser" time="0.001"/>
  <system-out/>
  <testcase classname="test_ng_sample_programs.Sample_Program3" name="createUser" time="0.002"/>
  <system-out/>
  <testcase classname="test_ng_sample_programs.Sample_Program3" name="createUser" time="0.001"/>
  <system-out/>
  <testcase classname="test_ng_sample_programs.Sample_Program3" name="createUser" time="0.000"/>
  <system-out/>
  <testcase classname="test_ng_sample_programs.Sample_Program3" name="createUser" time="0.001"/>
  <system-out/>
</testsuite> <!-- test_ng_sample_programs.Sample_Program3 -->
