<?xml version="1.0" encoding="UTF-8"?>
<!-- Generated by org.testng.reporters.JUnitReportReporter -->
<testsuite hostname="LAPTOP-3LRATIM9" failures="0" tests="1" name="test_ng_sample_programs.SoftAssert_Program" time="0.012" errors="0" timestamp="2023-06-26T22:31:12 IST" skipped="0">
  <testcase classname="test_ng_sample_programs.SoftAssert_Program" name="softAssertionContainsComparison" time="0.012"/>
  <system-out/>
</testsuite> <!-- test_ng_sample_programs.SoftAssert_Program -->
