<?xml version="1.0" encoding="UTF-8"?>
<!-- Generated by org.testng.reporters.JUnitReportReporter -->
<testsuite hostname="LAPTOP-3LRATIM9" failures="0" tests="3" name="test_ng_sample_programs.Sample_Program1" time="0.013" errors="0" timestamp="2023-04-26T10:35:59 IST" skipped="0">
  <testcase classname="test_ng_sample_programs.Sample_Program1" name="deleteUser" time="0.002"/>
  <system-out/>
  <testcase classname="test_ng_sample_programs.Sample_Program1" name="modifyUser" time="0.001"/>
  <system-out/>
  <testcase classname="test_ng_sample_programs.Sample_Program1" name="createUser" time="0.010"/>
  <system-out/>
</testsuite> <!-- test_ng_sample_programs.Sample_Program1 -->
