<?xml version="1.0" encoding="UTF-8"?>
<!-- Generated by org.testng.reporters.JUnitReportReporter -->
<testsuite hostname="LAPTOP-3LRATIM9" failures="0" tests="1" name="testcase_repo.Tc_01" time="11.201" errors="0" timestamp="2023-05-18T14:35:33 IST" skipped="0">
  <testcase classname="testcase_repo.Tc_01" name="createTask" time="11.201"/>
  <system-out>
    <![CDATA[createTaskstarts
createTaskpassed successfully]]>
  </system-out>
</testsuite> <!-- testcase_repo.Tc_01 -->
