<?xml version="1.0" encoding="UTF-8"?>
<!-- Generated by org.testng.reporters.JUnitReportReporter -->
<testsuite hostname="LAPTOP-3LRATIM9" failures="0" tests="3" name="test_ng_sample_programs.Sample_Program2" time="0.015" errors="0" timestamp="2023-04-26T10:44:37 IST" skipped="0">
  <testcase classname="test_ng_sample_programs.Sample_Program2" name="createUser" time="0.008"/>
  <system-out/>
  <testcase classname="test_ng_sample_programs.Sample_Program2" name="modifyUser" time="0.003"/>
  <system-out/>
  <testcase classname="test_ng_sample_programs.Sample_Program2" name="deleteUser" time="0.004"/>
  <system-out/>
</testsuite> <!-- test_ng_sample_programs.Sample_Program2 -->
