<?xml version="1.0" encoding="UTF-8"?>
<!-- Generated by org.testng.reporters.JUnitReportReporter -->
<testsuite hostname="LAPTOP-3LRATIM9" failures="0" tests="1" name="testcase_repo.Tc_02" time="11.799" errors="0" timestamp="2023-05-03T18:06:22 IST" skipped="0">
  <testcase classname="testcase_repo.Tc_02" name="createUser" time="11.799"/>
  <system-out/>
</testsuite> <!-- testcase_repo.Tc_02 -->
