<?xml version="1.0" encoding="UTF-8"?>
<!-- Generated by org.testng.reporters.JUnitReportReporter -->
<testsuite hostname="LAPTOP-3LRATIM9" failures="0" tests="2" name="testcase_repo_cross_browser.Tc_02" time="90.740" errors="0" timestamp="2023-05-02T23:12:10 IST" skipped="0">
  <testcase classname="testcase_repo_cross_browser.Tc_02" name="createUser" time="45.550"/>
  <system-out/>
  <testcase classname="testcase_repo_cross_browser.Tc_02" name="createUser" time="45.190"/>
  <system-out/>
</testsuite> <!-- testcase_repo_cross_browser.Tc_02 -->
