<?xml version="1.0" encoding="UTF-8"?>
<!-- Generated by org.testng.reporters.JUnitReportReporter -->
<testsuite hostname="LAPTOP-3LRATIM9" failures="0" tests="4" name="test_ng_sample_programs.Sample_Program4" time="0.012" errors="0" timestamp="2023-04-27T09:51:55 IST" skipped="0">
  <testcase classname="test_ng_sample_programs.Sample_Program4" name="createUser" time="0.009"/>
  <system-out/>
  <testcase classname="test_ng_sample_programs.Sample_Program4" name="modifyUser" time="0.002"/>
  <system-out>
    <![CDATA[this method depends on createUser]]>
  </system-out>
  <testcase classname="test_ng_sample_programs.Sample_Program4" name="deleteUser" time="0.000"/>
  <system-out/>
  <testcase classname="test_ng_sample_programs.Sample_Program4" name="reCreateUser" time="0.001"/>
  <system-out>
    <![CDATA[this method depends on deleteUser]]>
  </system-out>
</testsuite> <!-- test_ng_sample_programs.Sample_Program4 -->
